Using pre-set license
Built from '2020.3/staging' branch; Version is '2020.3.45f1 (660cd1701bd5) revision 6687953'; Using compiler version '192528614'; Build Type 'Release'
OS: 'Windows 10  (10.0.19045) 64bit Professional' Language: 'en' Physical Memory: 20354 MB
BatchMode: 1, IsHumanControllingUs: 0, StartBugReporterOnCrash: 0, Is64bit: 1, IsPro: 0

COMMAND LINE ARGUMENTS:
C:\Program Files\Unity 2020.3.45f1\Editor\Unity.exe
-adb2
-batchMode
-noUpm
-name
AssetImportWorker0
-projectPath
D:/Personal/MSDS/VR/Project/EComVR/ECom
-logFile
Logs/AssetImportWorker0.log
-srvPort
50698
Successfully changed project path to: D:/Personal/MSDS/VR/Project/EComVR/ECom
D:/Personal/MSDS/VR/Project/EComVR/ECom
Using Asset Import Pipeline V2.
Player connection [16888] Host "[IP] 172.16.21.130 [Port] 2953007648 [Flags] 2 [Guid] 3980721276 [EditorId] 3980721276 [Version] 1048832 [Id] WindowsEditor(7,DESKTOP-79J2U7O) [Debug] 1 [PackageName] WindowsEditor [ProjectName] Editor" joined multi-casting on [225.0.0.222:54997]...

Player connection [16888] Host "[IP] 172.16.21.130 [Port] 2953007648 [Flags] 2 [Guid] 3980721276 [EditorId] 3980721276 [Version] 1048832 [Id] WindowsEditor(7,DESKTOP-79J2U7O) [Debug] 1 [PackageName] WindowsEditor [ProjectName] Editor" joined alternative multi-casting on [225.0.0.222:34997]...

Refreshing native plugins compatible for Editor in 55.17 ms, found 2 plugins.
Preloading 0 native plugins for Editor in 0.00 ms.
Initialize engine version: 2020.3.45f1 (660cd1701bd5)
[Subsystems] Discovering subsystems at path C:/Program Files/Unity 2020.3.45f1/Editor/Data/Resources/UnitySubsystems
[Subsystems] Discovering subsystems at path D:/Personal/MSDS/VR/Project/EComVR/ECom/Assets
GfxDevice: creating device client; threaded=0
Direct3D:
    Version:  Direct3D 11.0 [level 11.1]
    Renderer: Intel(R) HD Graphics 620 (ID=0x5916)
    Vendor:   
    VRAM:     10177 MB
    Driver:   31.0.101.2111
Initialize mono
Mono path[0] = 'C:/Program Files/Unity 2020.3.45f1/Editor/Data/Managed'
Mono path[1] = 'C:/Program Files/Unity 2020.3.45f1/Editor/Data/MonoBleedingEdge/lib/mono/unityjit'
Mono config path = 'C:/Program Files/Unity 2020.3.45f1/Editor/Data/MonoBleedingEdge/etc'
Using monoOptions --debugger-agent=transport=dt_socket,embedding=1,server=y,suspend=n,address=127.0.0.1:56044
Begin MonoManager ReloadAssembly
Registering precompiled unity dll's ...
Register platform support module: C:/Program Files/Unity 2020.3.45f1/Editor/Data/PlaybackEngines/WindowsStandaloneSupport/UnityEditor.WindowsStandalone.Extensions.dll
Registered in 0.003040 seconds.
Native extension for WindowsStandalone target not found
Refreshing native plugins compatible for Editor in 56.54 ms, found 2 plugins.
Preloading 0 native plugins for Editor in 0.00 ms.
Mono: successfully reloaded assembly
- Completed reload, in  1.081 seconds
Domain Reload Profiling:
	ReloadAssembly (1082ms)
		BeginReloadAssembly (118ms)
			ExecutionOrderSort (0ms)
			DisableScriptedObjects (0ms)
			BackupInstance (0ms)
			ReleaseScriptingObjects (0ms)
			CreateAndSetChildDomain (2ms)
		EndReloadAssembly (837ms)
			LoadAssemblies (115ms)
			RebuildTransferFunctionScriptingTraits (0ms)
			SetupTypeCache (272ms)
			ReleaseScriptCaches (0ms)
			RebuildScriptCaches (76ms)
			SetupLoadedEditorAssemblies (297ms)
				LogAssemblyErrors (0ms)
				InitializePlatformSupportModulesInManaged (8ms)
				SetLoadedEditorAssemblies (0ms)
				RefreshPlugins (57ms)
				BeforeProcessingInitializeOnLoad (31ms)
				ProcessInitializeOnLoadAttributes (152ms)
				ProcessInitializeOnLoadMethodAttributes (48ms)
				AfterProcessingInitializeOnLoad (0ms)
				EditorAssembliesLoaded (0ms)
			ExecutionOrderSort2 (0ms)
			AwakeInstancesAfterBackupRestoration (0ms)
Platform modules already initialized, skipping
Registering precompiled user dll's ...
Registered in 0.004034 seconds.
Begin MonoManager ReloadAssembly
Native extension for WindowsStandalone target not found
Refreshing native plugins compatible for Editor in 0.33 ms, found 2 plugins.
Preloading 0 native plugins for Editor in 0.00 ms.
Mono: successfully reloaded assembly
- Completed reload, in  1.580 seconds
Domain Reload Profiling:
	ReloadAssembly (1582ms)
		BeginReloadAssembly (243ms)
			ExecutionOrderSort (0ms)
			DisableScriptedObjects (6ms)
			BackupInstance (0ms)
			ReleaseScriptingObjects (0ms)
			CreateAndSetChildDomain (25ms)
		EndReloadAssembly (1229ms)
			LoadAssemblies (190ms)
			RebuildTransferFunctionScriptingTraits (0ms)
			SetupTypeCache (504ms)
			ReleaseScriptCaches (0ms)
			RebuildScriptCaches (58ms)
			SetupLoadedEditorAssemblies (401ms)
				LogAssemblyErrors (0ms)
				InitializePlatformSupportModulesInManaged (6ms)
				SetLoadedEditorAssemblies (1ms)
				RefreshPlugins (0ms)
				BeforeProcessingInitializeOnLoad (72ms)
				ProcessInitializeOnLoadAttributes (299ms)
				ProcessInitializeOnLoadMethodAttributes (14ms)
				AfterProcessingInitializeOnLoad (8ms)
				EditorAssembliesLoaded (0ms)
			ExecutionOrderSort2 (0ms)
			AwakeInstancesAfterBackupRestoration (2ms)
Platform modules already initialized, skipping
========================================================================
Worker process is ready to serve import requests
Launched and connected shader compiler UnityShaderCompiler.exe after 0.08 seconds
Refreshing native plugins compatible for Editor in 0.60 ms, found 2 plugins.
Preloading 0 native plugins for Editor in 0.00 ms.
Unloading 1319 Unused Serialized files (Serialized files now loaded: 0)
System memory in use before: 63.6 MB.
System memory in use after: 63.6 MB.

Unloading 17 unused Assets to reduce memory usage. Loaded Objects now: 1755.
Total: 5.463400 ms (FindLiveObjects: 0.989300 ms CreateObjectMapping: 0.504400 ms MarkObjects: 3.853900 ms  DeleteObjects: 0.113700 ms)

AssetImportParameters requested are different than current active one (requested -> active):
  custom:framework-win-MediaFoundation: 216162199b28c13a410421893ffa2e32 -> 
  custom:video-decoder-ogg-theora: a1e56fd34408186e4bbccfd4996cb3dc -> 
  custom:container-muxer-webm: aa71ff27fc2769a1b78a27578f13a17b -> 
  custom:container-demuxer-webm: 4f35f7cbe854078d1ac9338744f61a02 -> 
  custom:container-demuxer-ogg: 62fdf1f143b41e24485cea50d1cbac27 -> 
  custom:video-encoder-webm-vp8: eb34c28f22e8b96e1ab97ce403110664 -> 
  custom:video-decoder-webm-vp8: 9c59270c3fd7afecdb556c50c9e8de78 -> 
  custom:audio-decoder-ogg-vorbis: bf7c407c2cedff20999df2af8eb42d56 -> 
  custom:audio-encoder-webm-vorbis: bf7c407c2cedff20999df2af8eb42d56 -> 
========================================================================
Received Import Request.
  path: Assets/outsideFloor.jpeg
  artifactKey: Guid(2af1a180d9bb1384d96ee9e7e1b01caf) Importer(815301076,1909f56bfc062723c751e8b465ee728b)
Start importing Assets/outsideFloor.jpeg using Guid(2af1a180d9bb1384d96ee9e7e1b01caf) Importer(815301076,1909f56bfc062723c751e8b465ee728b)  -> (artifact id: '3407d7639a4c65722f2efa80995c91e6') in 0.195889 seconds 
========================================================================
Received Import Request.
  Time since last request: 519.854118 seconds.
  path: Assets/shopFloor.jpeg
  artifactKey: Guid(b3d0b201c3b98c54eb92dc6f79bb6a93) Importer(815301076,1909f56bfc062723c751e8b465ee728b)
Start importing Assets/shopFloor.jpeg using Guid(b3d0b201c3b98c54eb92dc6f79bb6a93) Importer(815301076,1909f56bfc062723c751e8b465ee728b)  -> (artifact id: '484fc0d1c65244a494e0b5a43b1d28b4') in 0.046064 seconds 
========================================================================
Received Import Request.
  Time since last request: 226.304614 seconds.
  path: Assets/PosRacksFloor.jpeg
  artifactKey: Guid(8e653b6d6e05c7c408e7d3cf9e01ecf0) Importer(815301076,1909f56bfc062723c751e8b465ee728b)
Start importing Assets/PosRacksFloor.jpeg using Guid(8e653b6d6e05c7c408e7d3cf9e01ecf0) Importer(815301076,1909f56bfc062723c751e8b465ee728b)  -> (artifact id: '58a35b01b5155cc861b677b75a128586') in 0.035719 seconds 
========================================================================
Received Import Request.
  Time since last request: 470.169829 seconds.
  path: Assets/Wall.jpeg
  artifactKey: Guid(f7dc5c4e30676854abf3be4f4843c473) Importer(815301076,1909f56bfc062723c751e8b465ee728b)
Start importing Assets/Wall.jpeg using Guid(f7dc5c4e30676854abf3be4f4843c473) Importer(815301076,1909f56bfc062723c751e8b465ee728b)  -> (artifact id: '4486527cce810ccb254bca98bac44d2d') in 0.153946 seconds 
========================================================================
Received Import Request.
  Time since last request: 977.670280 seconds.
  path: Assets
  artifactKey: Guid(00000000000000001000000000000000) Importer(815301076,1909f56bfc062723c751e8b465ee728b)
Start importing Assets using Guid(00000000000000001000000000000000) Importer(815301076,1909f56bfc062723c751e8b465ee728b)  -> (artifact id: '42d402b061de3733987d63b9cc3b64de') in 0.028573 seconds 
========================================================================
Received Import Request.
  Time since last request: 5.435890 seconds.
  path: Assets/Materials
  artifactKey: Guid(d62e3b9809c11874fb7e56b17ba527d4) Importer(815301076,1909f56bfc062723c751e8b465ee728b)
Start importing Assets/Materials using Guid(d62e3b9809c11874fb7e56b17ba527d4) Importer(815301076,1909f56bfc062723c751e8b465ee728b)  -> (artifact id: 'ecdd791d89e136d910e22aef08fcfc10') in 0.027302 seconds 
========================================================================
Received Import Request.
  Time since last request: 7.121848 seconds.
  path: Assets/GoodMPublic.blend
  artifactKey: Guid(455b4164b90947341a200d53644af327) Importer(815301076,1909f56bfc062723c751e8b465ee728b)
Start importing Assets/GoodMPublic.blend using Guid(455b4164b90947341a200d53644af327) Importer(815301076,1909f56bfc062723c751e8b465ee728b)  -> (artifact id: '54d65d1dbb16d690ade451e809ffe2ec') in 0.027217 seconds 
